[02/May/2017 09:28:29] "GET /reception/ HTTP/1.1" 302 0
[02/May/2017 09:28:29] "GET /reception/day/0/ HTTP/1.1" 200 10426
[02/May/2017 09:28:31] "GET /reception/day/28/ HTTP/1.1" 200 11921
[02/May/2017 09:28:39] "GET /reception/day/27/ HTTP/1.1" 200 11302
[02/May/2017 09:28:41] "GET /reception/day/28/ HTTP/1.1" 200 11921
[02/May/2017 12:55:53] "GET /reception/login/ HTTP/1.1" 200 1362
[02/May/2017 12:55:53] "GET /static/bootstrap/js/bootstrap.js HTTP/1.1" 200 69707
[02/May/2017 12:55:53] "GET /static/bootstrap/css/bootstrap.css HTTP/1.1" 200 146010
[02/May/2017 12:55:53] "GET /static/vf-logo.png HTTP/1.1" 200 11328
[02/May/2017 12:56:01] "POST /reception/login/ HTTP/1.1" 302 0
[02/May/2017 12:56:01] "GET /reception/ HTTP/1.1" 302 0
[02/May/2017 12:56:01] "GET /reception/day/0/ HTTP/1.1" 200 10426
[02/May/2017 12:56:01] "GET /static/bootstrap/fonts/glyphicons-halflings-regular.woff2 HTTP/1.1" 200 18028
[02/May/2017 12:56:08] "GET /reception/day/28/ HTTP/1.1" 200 11921
[02/May/2017 12:56:10] "GET /reception/day/27/ HTTP/1.1" 200 11302
[02/May/2017 12:56:14] "GET /reception/hist/ HTTP/1.1" 200 4671
[02/May/2017 12:56:14] "GET /static/bootstrap/js/datepicker.js HTTP/1.1" 200 29514
[02/May/2017 12:56:14] "GET /static/bootstrap/css/datepicker.css HTTP/1.1" 200 32847
[02/May/2017 12:56:18] "POST /reception/hist/ HTTP/1.1" 302 0
[02/May/2017 12:56:18] "GET /reception/hist/01/05/2017/ HTTP/1.1" 200 7221
[02/May/2017 12:56:19] "GET /reception/hist/01/05/2017/223/p/ HTTP/1.1" 200 5435
[02/May/2017 12:56:23] "GET /reception/hist/01/05/2017/ HTTP/1.1" 200 7221
[02/May/2017 17:02:27] "GET /reception/hist/01/05/2017/223/p/ HTTP/1.1" 302 0
[02/May/2017 17:02:27] "GET /reception/login/ HTTP/1.1" 200 1362
[02/May/2017 17:02:27] "GET /static/bootstrap/js/bootstrap.js HTTP/1.1" 200 69707
[02/May/2017 17:02:27] "GET /static/bootstrap/css/bootstrap.css HTTP/1.1" 200 146010
[02/May/2017 17:02:27] "GET /static/vf-logo.png HTTP/1.1" 200 11328
[02/May/2017 17:02:28] "GET /reception/hist/01/05/2017/ HTTP/1.1" 302 0
[02/May/2017 17:02:28] "GET /reception/hist/ HTTP/1.1" 302 0
[02/May/2017 17:02:29] "GET /reception/day/27/ HTTP/1.1" 302 0
[02/May/2017 17:02:30] "GET /reception/day/28/ HTTP/1.1" 302 0
[02/May/2017 17:02:30] "GET /reception/day/0/ HTTP/1.1" 302 0
[02/May/2017 18:44:16] "GET /reception/day/0/ HTTP/1.1" 302 0
[02/May/2017 18:44:17] "GET /reception/login/ HTTP/1.1" 200 1362
[02/May/2017 18:44:17] "GET /static/bootstrap/css/bootstrap.css.map HTTP/1.1" 200 389287
[02/May/2017 18:44:25] "POST /reception/login/ HTTP/1.1" 302 0
[02/May/2017 18:44:25] "GET /reception/ HTTP/1.1" 302 0
[02/May/2017 18:44:25] "GET /reception/day/0/ HTTP/1.1" 200 10426
[02/May/2017 18:44:25] "GET /static/bootstrap/fonts/glyphicons-halflings-regular.woff2 HTTP/1.1" 200 18028
[02/May/2017 18:44:31] "GET /reception/add/ HTTP/1.1" 200 8885
[02/May/2017 18:44:31] "GET /static/bootstrap/css/datepicker.css HTTP/1.1" 200 32847
[02/May/2017 18:44:31] "GET /static/bootstrap/js/datepicker.js HTTP/1.1" 200 29514
[02/May/2017 18:45:09] "POST /reception/add/ HTTP/1.1" 200 9055
[02/May/2017 18:45:13] "GET /reception/ HTTP/1.1" 302 0
[02/May/2017 18:45:13] "GET /reception/day/0/ HTTP/1.1" 200 10426
[02/May/2017 18:45:14] "GET /reception/day/28/ HTTP/1.1" 200 11921
